<?xml version="1.0" encoding="UTF-8" ?>
<testsuite errors="0" failures="0" hostname="Philips-MacBook-Air.local" name="cookbook.RecipeIntegrationSpec" skipped="0" tests="4" time="0.084" timestamp="2016-05-05T10:14:01">
  <properties />
  <testcase classname="cookbook.RecipeIntegrationSpec" name="test comment added to recipe" time="0.012" />
  <testcase classname="cookbook.RecipeIntegrationSpec" name="test recipe created" time="0.01" />
  <testcase classname="cookbook.RecipeIntegrationSpec" name="test list of all recipes from user returned" time="0.022" />
  <testcase classname="cookbook.RecipeIntegrationSpec" name="test created recipe exists" time="0.037" />
  <system-out><![CDATA[--Output from test comment added to recipe--
--Output from test recipe created--
--Output from test list of all recipes from user returned--
--Output from test created recipe exists--
]]></system-out>
  <system-err><![CDATA[--Output from test comment added to recipe--
--Output from test recipe created--
--Output from test list of all recipes from user returned--
--Output from test created recipe exists--
]]></system-err>
</testsuite>
